2026-02-07 11:20:31,019 | INFO | ===== DÉBUT DU TRAITEMENT =====
2026-02-07 11:20:31,020 | INFO | Étape 1 - Lecture des fichiers CSV
2026-02-07 11:20:31,039 | INFO | Lecture OK | patients=105 lignes | consultations=205 lignes
2026-02-07 11:20:31,039 | INFO | Étape 2 - Nettoyage et typage explicite
2026-02-07 11:20:31,040 | INFO | Colonnes patients: ['patient_id', 'birth_date', 'gender']
2026-02-07 11:20:31,040 | INFO | Colonnes consultations: ['consultation_id', 'patient_id', 'date_consultation', 'diagnostic']
2026-02-07 11:20:31,063 | INFO | Nettoyage et typage terminés
2026-02-07 11:20:31,064 | INFO | Étape 3 - Jointure et analyse
2026-02-07 11:20:31,085 | INFO | Analyse terminée | 18 lignes produites
2026-02-07 11:20:31,086 | INFO | Étape 4 - Sauvegarde au format Parquet
2026-02-07 11:20:31,183 | INFO | Sauvegarde terminée
2026-02-07 11:20:31,183 | INFO | ===== FIN DU TRAITEMENT (SUCCESS) =====
2026-02-07 12:06:28,189 | INFO | ===== DÉBUT DU TRAITEMENT =====
2026-02-07 12:06:28,190 | INFO | Étape 1 - Lecture des fichiers CSV
2026-02-07 12:06:28,245 | INFO | Lecture OK | patients=105 lignes | consultations=205 lignes
2026-02-07 12:06:28,246 | INFO | Étape 2 - Nettoyage et typage explicite
2026-02-07 12:06:28,246 | INFO | Colonnes patients: ['patient_id', 'birth_date', 'gender']
2026-02-07 12:06:28,247 | INFO | Colonnes consultations: ['consultation_id', 'patient_id', 'date_consultation', 'diagnostic']
2026-02-07 12:06:28,268 | INFO | Nettoyage et typage terminés
2026-02-07 12:06:28,269 | INFO | Étape 3 - Jointure et analyse
2026-02-07 12:06:28,286 | INFO | Analyse terminée | 28 lignes produites
2026-02-07 12:06:28,286 | INFO | Étape 4 - Sauvegarde au format Parquet
2026-02-07 12:06:28,703 | INFO | Sauvegarde terminée
2026-02-07 12:06:28,704 | INFO | ===== FIN DU TRAITEMENT (SUCCESS) =====
2026-02-07 12:09:24,105 | INFO | ===== DÉBUT DU TRAITEMENT =====
2026-02-07 12:09:24,106 | INFO | Étape 1 - Lecture des fichiers CSV
2026-02-07 12:09:24,159 | INFO | Lecture OK | patients=105 lignes | consultations=205 lignes
2026-02-07 12:09:24,159 | INFO | Étape 2 - Nettoyage et typage explicite
2026-02-07 12:09:24,160 | INFO | Colonnes patients: ['patient_id', 'birth_date', 'gender']
2026-02-07 12:09:24,160 | INFO | Colonnes consultations: ['consultation_id', 'patient_id', 'date_consultation', 'diagnostic']
2026-02-07 12:09:24,184 | INFO | Nettoyage et typage terminés
2026-02-07 12:09:24,184 | INFO | Étape 3 - Jointure et analyse
2026-02-07 12:09:24,205 | INFO | Analyse terminée | 28 lignes produites
2026-02-07 12:09:24,207 | INFO | Étape 4 - Sauvegarde au format Parquet
2026-02-07 12:09:24,670 | INFO | Sauvegarde terminée
2026-02-07 12:09:24,670 | INFO | ===== FIN DU TRAITEMENT (SUCCESS) =====
2026-02-07 12:18:19,326 | INFO | ===== DÉBUT DU TRAITEMENT =====
2026-02-07 12:18:19,327 | INFO | Étape 1 - Lecture des fichiers CSV
2026-02-07 12:18:19,343 | INFO | Lecture OK | patients=105 lignes | consultations=205 lignes
2026-02-07 12:18:19,343 | INFO | Étape 2 - Nettoyage et typage explicite
2026-02-07 12:18:19,344 | INFO | Colonnes patients: ['patient_id', 'birth_date', 'gender']
2026-02-07 12:18:19,344 | INFO | Colonnes consultations: ['consultation_id', 'patient_id', 'date_consultation', 'diagnostic']
2026-02-07 12:18:19,366 | INFO | Nettoyage et typage terminés
2026-02-07 12:18:19,366 | INFO | Étape 3 - Jointure et analyse
2026-02-07 12:18:19,388 | INFO | Analyse terminée | 27 lignes produites
2026-02-07 12:18:19,389 | INFO | Étape 4 - Sauvegarde au format Parquet
2026-02-07 12:18:19,642 | INFO | Sauvegarde terminée
2026-02-07 12:18:19,643 | INFO | ===== FIN DU TRAITEMENT (SUCCESS) =====
2026-02-07 12:24:22,981 | INFO | ===== DÉBUT DU TRAITEMENT =====
2026-02-07 12:24:22,982 | INFO | Étape 1 - Lecture des fichiers CSV
2026-02-07 12:24:23,004 | INFO | Lecture OK | patients=105 lignes | consultations=205 lignes
2026-02-07 12:24:23,005 | INFO | Étape 2 - Nettoyage et typage explicite
2026-02-07 12:24:23,005 | INFO | Colonnes patients: ['patient_id', 'birth_date', 'gender']
2026-02-07 12:24:23,006 | INFO | Colonnes consultations: ['consultation_id', 'patient_id', 'date_consultation', 'diagnostic']
2026-02-07 12:24:23,028 | INFO | Nettoyage et typage terminés
2026-02-07 12:24:23,028 | INFO | Étape 3 - Jointure et analyse
2026-02-07 12:24:23,044 | INFO | Analyse terminée | 27 lignes produites
2026-02-07 12:24:23,044 | INFO | Étape 4 - Sauvegarde au format Parquet
2026-02-07 12:24:23,161 | INFO | Sauvegarde terminée
2026-02-07 12:24:23,162 | INFO | ===== FIN DU TRAITEMENT (SUCCESS) =====
2026-02-07 12:56:06,895 | INFO | ===== DÉBUT DU TRAITEMENT =====
2026-02-07 12:56:06,896 | INFO | Étape 1 - Lecture des fichiers CSV
2026-02-07 12:56:06,926 | INFO | Lecture OK | patients=105 lignes | consultations=205 lignes
2026-02-07 12:56:06,926 | INFO | Étape 2 - Nettoyage et typage explicite
2026-02-07 12:56:06,928 | INFO | Colonnes patients: ['patient_id', 'birth_date', 'gender']
2026-02-07 12:56:06,930 | INFO | Colonnes consultations: ['consultation_id', 'patient_id', 'date_consultation', 'diagnostic']
2026-02-07 12:56:06,949 | INFO | Patients exclus (birth_date invalide): 82
2026-02-07 12:56:06,978 | INFO | Consultations exclues (date invalide): 163
2026-02-07 12:56:06,986 | INFO | Nettoyage et typage terminés
2026-02-07 12:56:06,988 | INFO | Étape 3 - Jointure et analyse
2026-02-07 12:56:07,031 | INFO | Analyse terminée | 27 lignes produites
2026-02-07 12:56:07,032 | INFO | Étape 4 - Sauvegarde au format Parquet
2026-02-07 12:56:07,286 | INFO | Sauvegarde terminée
2026-02-07 12:56:07,287 | INFO | ===== FIN DU TRAITEMENT (SUCCESS) =====
2026-02-07 12:57:06,448 | INFO | ===== DÉBUT DU TRAITEMENT =====
2026-02-07 12:57:06,450 | INFO | Étape 1 - Lecture des fichiers CSV
2026-02-07 12:57:06,479 | INFO | Lecture OK | patients=105 lignes | consultations=205 lignes
2026-02-07 12:57:06,479 | INFO | Étape 2 - Nettoyage et typage explicite
2026-02-07 12:57:06,480 | INFO | Colonnes patients: ['patient_id', 'birth_date', 'gender']
2026-02-07 12:57:06,481 | INFO | Colonnes consultations: ['consultation_id', 'patient_id', 'date_consultation', 'diagnostic']
2026-02-07 12:57:06,504 | INFO | Patients exclus (birth_date invalide): 82
2026-02-07 12:57:06,520 | INFO | Consultations exclues (date invalide): 163
2026-02-07 12:57:06,525 | INFO | Nettoyage et typage terminés
2026-02-07 12:57:06,526 | INFO | Étape 3 - Jointure et analyse
2026-02-07 12:57:06,555 | INFO | Analyse terminée | 28 lignes produites
2026-02-07 12:57:06,556 | INFO | Étape 4 - Sauvegarde au format Parquet
2026-02-07 12:57:06,706 | INFO | Sauvegarde terminée
2026-02-07 12:57:06,707 | INFO | ===== FIN DU TRAITEMENT (SUCCESS) =====
2026-02-07 13:11:19,057 | INFO | ===== DÉBUT DU TRAITEMENT =====
2026-02-07 13:11:19,058 | INFO | Étape 1 - Lecture des fichiers CSV
2026-02-07 13:11:19,142 | INFO | Lecture OK | patients=105 lignes | consultations=205 lignes
2026-02-07 13:11:19,143 | INFO | Étape 2 - Nettoyage et typage explicite
2026-02-07 13:11:19,144 | INFO | Colonnes patients: ['patient_id', 'birth_date', 'gender']
2026-02-07 13:11:19,144 | INFO | Colonnes consultations: ['consultation_id', 'patient_id', 'date_consultation', 'diagnostic']
2026-02-07 13:11:19,158 | INFO | Patients exclus (birth_date invalide): 82
2026-02-07 13:11:19,173 | INFO | Consultations exclues (date invalide): 163
2026-02-07 13:11:19,176 | INFO | Nettoyage et typage terminés
2026-02-07 13:11:19,176 | INFO | Étape 3 - Jointure et analyse
2026-02-07 13:11:19,227 | INFO | Analyse terminée | 28 lignes produites
2026-02-07 13:11:19,228 | INFO | Étape 4 - Sauvegarde au format Parquet
2026-02-07 13:11:20,136 | INFO | Sauvegarde terminée
2026-02-07 13:11:20,136 | INFO | ===== FIN DU TRAITEMENT (SUCCESS) =====
2026-02-07 16:53:20,229 | INFO | ===== DÉBUT DU TRAITEMENT =====
2026-02-07 16:53:20,231 | INFO | Étape 1 - Lecture des fichiers CSV
2026-02-07 16:53:20,297 | INFO | Lecture OK | patients=105 lignes | consultations=205 lignes
2026-02-07 16:53:20,302 | INFO | Étape 2 - Nettoyage et typage explicite
2026-02-07 16:53:20,302 | INFO | Colonnes patients: ['patient_id', 'birth_date', 'gender']
2026-02-07 16:53:20,303 | INFO | Colonnes consultations: ['consultation_id', 'patient_id', 'date_consultation', 'diagnostic']
2026-02-07 16:53:20,330 | INFO | Patients exclus (birth_date invalide): 82
2026-02-07 16:53:20,350 | INFO | Consultations exclues (date invalide): 163
2026-02-07 16:53:20,353 | INFO | Nettoyage et typage terminés
2026-02-07 16:53:20,354 | INFO | Étape 3 - Jointure et analyse
2026-02-07 16:53:20,407 | INFO | Analyse terminée | 28 lignes produites
2026-02-07 16:53:20,409 | INFO | Étape 4 - Sauvegarde au format Parquet
2026-02-07 16:53:21,418 | INFO | Sauvegarde terminée
2026-02-07 16:53:21,422 | INFO | ===== FIN DU TRAITEMENT (SUCCESS) =====
2026-02-07 16:56:54,153 | INFO | ===== DÉBUT DU TRAITEMENT =====
2026-02-07 16:56:54,154 | INFO | Étape 1 - Lecture des fichiers CSV
2026-02-07 16:56:54,166 | INFO | Lecture OK | patients=105 lignes | consultations=205 lignes
2026-02-07 16:56:54,166 | INFO | Étape 2 - Nettoyage et typage explicite
2026-02-07 16:56:54,166 | INFO | Colonnes patients: ['patient_id', 'birth_date', 'gender']
2026-02-07 16:56:54,167 | INFO | Colonnes consultations: ['consultation_id', 'patient_id', 'date_consultation', 'diagnostic']
2026-02-07 16:56:54,172 | INFO | Patients exclus (birth_date invalide): 82
2026-02-07 16:56:54,177 | INFO | Consultations exclues (date invalide): 163
2026-02-07 16:56:54,180 | INFO | Nettoyage et typage terminés
2026-02-07 16:56:54,180 | INFO | Étape 3 - Jointure et analyse
2026-02-07 16:56:54,206 | INFO | Analyse terminée | 28 lignes produites
2026-02-07 16:56:54,206 | INFO | Étape 4 - Sauvegarde au format Parquet
2026-02-07 16:56:54,291 | INFO | Sauvegarde terminée
2026-02-07 16:56:54,291 | INFO | ===== FIN DU TRAITEMENT (SUCCESS) =====
2026-02-07 16:57:58,809 | INFO | ===== DÉBUT DU TRAITEMENT =====
2026-02-07 16:57:58,810 | INFO | Étape 1 - Lecture des fichiers CSV
2026-02-07 16:57:58,823 | INFO | Lecture OK | patients=105 lignes | consultations=205 lignes
2026-02-07 16:57:58,824 | INFO | Étape 2 - Nettoyage et typage explicite
2026-02-07 16:57:58,824 | INFO | Colonnes patients: ['patient_id', 'birth_date', 'gender']
2026-02-07 16:57:58,824 | INFO | Colonnes consultations: ['consultation_id', 'patient_id', 'date_consultation', 'diagnostic']
2026-02-07 16:57:58,832 | INFO | Patients exclus (birth_date invalide): 82
2026-02-07 16:57:58,837 | INFO | Consultations exclues (date invalide): 163
2026-02-07 16:57:58,839 | INFO | Nettoyage et typage terminés
2026-02-07 16:57:58,839 | INFO | Étape 3 - Jointure et analyse
2026-02-07 16:57:58,851 | INFO | Analyse terminée | 27 lignes produites
2026-02-07 16:57:58,851 | INFO | Étape 4 - Sauvegarde au format Parquet
2026-02-07 16:57:58,938 | INFO | Sauvegarde terminée
2026-02-07 16:57:58,939 | INFO | ===== FIN DU TRAITEMENT (SUCCESS) =====
2026-02-09 08:46:16,334 | INFO | ===== DÉBUT DU TRAITEMENT =====
2026-02-09 08:46:16,335 | INFO | Étape 1 - Lecture des fichiers CSV
2026-02-09 08:46:16,383 | INFO | Lecture OK | patients=105 lignes | consultations=205 lignes
2026-02-09 08:46:16,384 | INFO | Étape 2 - Nettoyage et typage explicite
2026-02-09 08:46:16,384 | INFO | Colonnes patients: ['patient_id', 'birth_date', 'gender']
2026-02-09 08:46:16,385 | INFO | Colonnes consultations: ['consultation_id', 'patient_id', 'date_consultation', 'diagnostic']
2026-02-09 08:46:16,400 | INFO | Nettoyage et typage terminés
2026-02-09 08:46:16,400 | INFO | Étape 3 - Jointure et analyse
2026-02-09 08:46:16,416 | INFO | Analyse terminée | 27 lignes produites
2026-02-09 08:46:16,417 | INFO | Étape 4 - Sauvegarde au format Parquet
2026-02-09 08:46:16,808 | INFO | Sauvegarde terminée
2026-02-09 08:46:16,808 | INFO | ===== FIN DU TRAITEMENT (SUCCESS) =====
